<?xml version="1.0" encoding="UTF-8"?>
<testng-results skipped="0" failed="0" ignored="0" total="1" passed="1">
  <reporter-output>
  </reporter-output>
  <suite name="Suite File for Maven" duration-ms="15747" started-at="2019-12-17T18:39:29Z" finished-at="2019-12-17T18:39:45Z">
    <groups>
    </groups>
    <test name="Test Maven Test cases" duration-ms="15747" started-at="2019-12-17T18:39:29Z" finished-at="2019-12-17T18:39:45Z">
      <class name="Log4j_sampletests.Testlog4j">
        <test-method status="PASS" signature="setUp()[pri:0, instance:Log4j_sampletests.Testlog4j@2d8f65a4]" name="setUp" is-config="true" duration-ms="7872" started-at="2019-12-17T18:39:29Z" finished-at="2019-12-17T18:39:37Z">
          <reporter-output>
          </reporter-output>
        </test-method> <!-- setUp -->
        <test-method status="PASS" signature="testCase1()[pri:0, instance:Log4j_sampletests.Testlog4j@2d8f65a4]" name="testCase1" duration-ms="2592" started-at="2019-12-17T18:39:37Z" finished-at="2019-12-17T18:39:40Z">
          <reporter-output>
          </reporter-output>
        </test-method> <!-- testCase1 -->
        <test-method status="PASS" signature="tearDown()[pri:0, instance:Log4j_sampletests.Testlog4j@2d8f65a4]" name="tearDown" is-config="true" duration-ms="5264" started-at="2019-12-17T18:39:40Z" finished-at="2019-12-17T18:39:45Z">
          <reporter-output>
          </reporter-output>
        </test-method> <!-- tearDown -->
      </class> <!-- Log4j_sampletests.Testlog4j -->
    </test> <!-- Test Maven Test cases -->
  </suite> <!-- Suite File for Maven -->
</testng-results>
