<?xml version="1.0" encoding="UTF-8"?>
<testng-results skipped="0" failed="0" total="1" passed="1">
  <reporter-output>
  </reporter-output>
  <suite name="Default suite" duration-ms="21474" started-at="2019-12-16T19:00:31Z" finished-at="2019-12-16T19:00:53Z">
    <groups>
    </groups>
    <test name="Default test" duration-ms="21474" started-at="2019-12-16T19:00:31Z" finished-at="2019-12-16T19:00:53Z">
      <class name="Log4j_sampletests.Testlog4j">
        <test-method status="PASS" signature="setUp()[pri:0, instance:Log4j_sampletests.Testlog4j@61a485d2]" name="setUp" is-config="true" duration-ms="11044" started-at="2019-12-17T00:30:31Z" finished-at="2019-12-17T00:30:42Z">
          <reporter-output>
          </reporter-output>
        </test-method> <!-- setUp -->
        <test-method status="PASS" signature="testCase1()[pri:0, instance:Log4j_sampletests.Testlog4j@61a485d2]" name="testCase1" duration-ms="3501" started-at="2019-12-17T00:30:42Z" finished-at="2019-12-17T00:30:46Z">
          <reporter-output>
          </reporter-output>
        </test-method> <!-- testCase1 -->
        <test-method status="PASS" signature="tearDown()[pri:0, instance:Log4j_sampletests.Testlog4j@61a485d2]" name="tearDown" is-config="true" duration-ms="6897" started-at="2019-12-17T00:30:46Z" finished-at="2019-12-17T00:30:53Z">
          <reporter-output>
          </reporter-output>
        </test-method> <!-- tearDown -->
      </class> <!-- Log4j_sampletests.Testlog4j -->
    </test> <!-- Default test -->
  </suite> <!-- Default suite -->
</testng-results>
